[38;5;8m2022-08-19 16:48:57[0m [I] [34;1mapp[0m [38;5;15;1mKoishi/4.8.5[0m
[38;5;8m2022-08-19 16:48:57[0m [I] [34;1mapp[0m apply plugin [34mgroup:entry[0m
[38;5;8m2022-08-19 16:48:57[0m [I] [34;1mapp[0m apply plugin [34mgroup:basic[0m
[38;5;8m2022-08-19 16:48:57[0m [I] [34;1mapp[0m apply plugin [34mhelp[0m
[38;5;8m2022-08-19 16:48:57[0m [I] [34;1mapp[0m apply plugin [34msuggest[0m
[38;5;8m2022-08-19 16:48:57[0m [I] [34;1mapp[0m apply plugin [34mgroup:console[0m
[38;5;8m2022-08-19 16:48:57[0m [I] [34;1mapp[0m apply plugin [34mconsole[0m
[38;5;8m2022-08-19 16:48:57[0m [I] [34;1mapp[0m apply plugin [34mlogger[0m
[38;5;8m2022-08-19 16:48:57[0m [I] [34;1mapp[0m apply plugin [34minsight[0m
[38;5;8m2022-08-19 16:48:57[0m [I] [34;1mapp[0m apply plugin [34mmarket[0m
[38;5;8m2022-08-19 16:48:57[0m [I] [34;1mapp[0m apply plugin [34msandbox[0m
[38;5;8m2022-08-19 16:48:57[0m [I] [34;1mapp[0m apply plugin [34mstatus[0m
[38;5;8m2022-08-19 16:48:57[0m [I] [34;1mapp[0m server listening at [34mhttp://localhost:5140[0m
[38;5;8m2022-08-19 17:59:39[0m [I] [34;1mapp[0m [38;5;15;1mKoishi/4.8.5[0m
[38;5;8m2022-08-19 17:59:39[0m [I] [34;1mapp[0m apply plugin [34mgroup:entry[0m
[38;5;8m2022-08-19 17:59:39[0m [I] [34;1mapp[0m apply plugin [34mgroup:basic[0m
[38;5;8m2022-08-19 17:59:39[0m [I] [34;1mapp[0m apply plugin [34mhelp[0m
[38;5;8m2022-08-19 17:59:39[0m [I] [34;1mapp[0m apply plugin [34msuggest[0m
[38;5;8m2022-08-19 17:59:39[0m [I] [34;1mapp[0m apply plugin [34mgroup:console[0m
[38;5;8m2022-08-19 17:59:39[0m [I] [34;1mapp[0m apply plugin [34mconsole[0m
[38;5;8m2022-08-19 17:59:39[0m [I] [34;1mapp[0m apply plugin [34mlogger[0m
[38;5;8m2022-08-19 17:59:39[0m [I] [34;1mapp[0m apply plugin [34minsight[0m
[38;5;8m2022-08-19 17:59:39[0m [I] [34;1mapp[0m apply plugin [34mmarket[0m
[38;5;8m2022-08-19 17:59:39[0m [I] [34;1mapp[0m apply plugin [34msandbox[0m
[38;5;8m2022-08-19 17:59:39[0m [I] [34;1mapp[0m apply plugin [34mstatus[0m
[38;5;8m2022-08-19 17:59:39[0m [I] [34;1mapp[0m server listening at [34mhttp://localhost:8080[0m
[38;5;8m2022-08-19 18:04:45[0m [I] [34;1mapp[0m [38;5;15;1mKoishi/4.8.5[0m
[38;5;8m2022-08-19 18:04:45[0m [I] [34;1mapp[0m apply plugin [34mgroup:entry[0m
[38;5;8m2022-08-19 18:04:45[0m [I] [34;1mapp[0m apply plugin [34mgroup:basic[0m
[38;5;8m2022-08-19 18:04:45[0m [I] [34;1mapp[0m apply plugin [34mhelp[0m
[38;5;8m2022-08-19 18:04:45[0m [I] [34;1mapp[0m apply plugin [34msuggest[0m
[38;5;8m2022-08-19 18:04:45[0m [I] [34;1mapp[0m apply plugin [34mimage-search[0m
[38;5;8m2022-08-19 18:04:45[0m [I] [34;1mapp[0m apply plugin [34mgroup:console[0m
[38;5;8m2022-08-19 18:04:45[0m [I] [34;1mapp[0m apply plugin [34mconsole[0m
[38;5;8m2022-08-19 18:04:45[0m [I] [34;1mapp[0m apply plugin [34mlogger[0m
[38;5;8m2022-08-19 18:04:45[0m [I] [34;1mapp[0m apply plugin [34minsight[0m
[38;5;8m2022-08-19 18:04:45[0m [I] [34;1mapp[0m apply plugin [34mmarket[0m
[38;5;8m2022-08-19 18:04:45[0m [I] [34;1mapp[0m apply plugin [34msandbox[0m
[38;5;8m2022-08-19 18:04:45[0m [I] [34;1mapp[0m apply plugin [34mstatus[0m
[38;5;8m2022-08-19 18:04:45[0m [I] [34;1mapp[0m server listening at [34mhttp://localhost:8080[0m
[38;5;8m2022-08-19 18:07:34[0m [I] [34;1mapp[0m [38;5;15;1mKoishi/4.8.5[0m
[38;5;8m2022-08-19 18:07:34[0m [I] [34;1mapp[0m apply plugin [34mgroup:entry[0m
[38;5;8m2022-08-19 18:07:34[0m [I] [34;1mapp[0m apply plugin [34mgroup:basic[0m
[38;5;8m2022-08-19 18:07:34[0m [I] [34;1mapp[0m apply plugin [34msuggest[0m
[38;5;8m2022-08-19 18:07:34[0m [I] [34;1mapp[0m apply plugin [34mhelp[0m
[38;5;8m2022-08-19 18:07:34[0m [I] [34;1mapp[0m apply plugin [34mimage-search[0m
[38;5;8m2022-08-19 18:07:34[0m [I] [34;1mapp[0m apply plugin [34madapter-onebot[0m
[38;5;8m2022-08-19 18:07:34[0m [I] [34;1mapp[0m apply plugin [34mgroup:console[0m
[38;5;8m2022-08-19 18:07:34[0m [I] [34;1mapp[0m apply plugin [34mconsole[0m
[38;5;8m2022-08-19 18:07:34[0m [I] [34;1mapp[0m apply plugin [34mlogger[0m
[38;5;8m2022-08-19 18:07:34[0m [I] [34;1mapp[0m apply plugin [34mmarket[0m
[38;5;8m2022-08-19 18:07:34[0m [I] [34;1mapp[0m apply plugin [34minsight[0m
[38;5;8m2022-08-19 18:07:34[0m [I] [34;1mapp[0m apply plugin [34msandbox[0m
[38;5;8m2022-08-19 18:07:34[0m [I] [34;1mapp[0m apply plugin [34mstatus[0m
[38;5;8m2022-08-19 18:07:34[0m [I] [34;1mapp[0m server listening at [34mhttp://localhost:8080[0m
[38;5;8m2022-08-19 18:07:34[0m [I] [31;1madapter[0m connect to server: [31mws://127.0.0.1:6700[0m
[38;5;8m2022-08-19 18:08:48[0m [W] [36;1msearch[0m [error] ascii2d bovw cannot find images in web page
[38;5;8m2022-08-19 18:08:48[0m [W] [36;1msearch[0m [error] ascii2d bovw Error: getaddrinfo ENOTFOUND ascii2d.netundefined
